210622 13:11:25 mysqld_safe Starting mysqld daemon with databases from /var/lib/mysql
2021-06-22 13:11:25 0 [Warning] option 'skip_networking': boolean value 'falsen' wasn't recognized. Set to OFF.
2021-06-22 13:11:25 0 [Note] /usr/sbin/mysqld (mysqld 10.3.29-MariaDB-0+deb10u1) starting as process 124 ...
2021-06-22 13:11:25 0 [Note] InnoDB: Using Linux native AIO
2021-06-22 13:11:25 0 [Note] InnoDB: Mutexes and rw_locks use GCC atomic builtins
2021-06-22 13:11:25 0 [Note] InnoDB: Uses event mutexes
2021-06-22 13:11:25 0 [Note] InnoDB: Compressed tables use zlib 1.2.11
2021-06-22 13:11:25 0 [Note] InnoDB: Number of pools: 1
2021-06-22 13:11:25 0 [Note] InnoDB: Using SSE2 crc32 instructions
2021-06-22 13:11:25 0 [Note] InnoDB: Initializing buffer pool, total size = 128M, instances = 1, chunk size = 128M
2021-06-22 13:11:25 0 [Note] InnoDB: Completed initialization of buffer pool
2021-06-22 13:11:25 0 [Note] InnoDB: If the mysqld execution user is authorized, page cleaner thread priority can be changed. See the man page of setpriority().
2021-06-22 13:11:25 0 [Note] InnoDB: Starting crash recovery from checkpoint LSN=3167390
2021-06-22 13:11:25 0 [Note] InnoDB: 128 out of 128 rollback segments are active.
2021-06-22 13:11:25 0 [Note] InnoDB: Removed temporary tablespace data file: "ibtmp1"
2021-06-22 13:11:25 0 [Note] InnoDB: Creating shared tablespace for temporary tables
2021-06-22 13:11:25 0 [Note] InnoDB: Setting file './ibtmp1' size to 12 MB. Physically writing the file full; Please wait ...
2021-06-22 13:11:25 0 [Note] InnoDB: File './ibtmp1' size is now 12 MB.
2021-06-22 13:11:25 0 [Note] InnoDB: Waiting for purge to start
2021-06-22 13:11:25 0 [Note] InnoDB: 10.3.29 started; log sequence number 3167399; transaction id 630
2021-06-22 13:11:25 0 [Note] InnoDB: Loading buffer pool(s) from /var/lib/mysql/ib_buffer_pool
2021-06-22 13:11:25 0 [Note] Plugin 'FEEDBACK' is disabled.
2021-06-22 13:11:25 0 [Note] Recovering after a crash using tc.log
2021-06-22 13:11:25 0 [Note] Starting crash recovery...
2021-06-22 13:11:25 0 [Note] Crash recovery finished.
2021-06-22 13:11:25 0 [Note] InnoDB: Buffer pool(s) load completed at 210622 13:11:25
2021-06-22 13:11:25 0 [Note] Server socket created on IP: '0.0.0.0'.
2021-06-22 13:11:25 0 [ERROR] mysqld: Table './mysql/db' is marked as crashed and should be repaired
2021-06-22 13:11:25 0 [Warning] Checking table:   './mysql/db'
2021-06-22 13:11:25 0 [ERROR] mysql.db: 1 client is using or hasn't closed the table properly
2021-06-22 13:11:25 0 [Note] Reading of all Master_info entries succeeded
2021-06-22 13:11:25 0 [Note] Added new Master_info '' to hash table
2021-06-22 13:11:25 0 [Note] /usr/sbin/mysqld: ready for connections.
Version: '10.3.29-MariaDB-0+deb10u1'  socket: '/var/run/mysqld/mysqld.sock'  port: 3306  Debian 10
